This file contains any messages produced by compilers while
running configure, to aid debugging if configure makes a mistake.

It was created by shellinabox configure 2.10, which was
generated by GNU Autoconf 2.68.  Invocation command line was

  $ ./configure --no-create --no-recursion

## --------- ##
## Platform. ##
## --------- ##

hostname = sgenomics.org
uname -m = x86_64
uname -r = 2.6.26-2-amd64
uname -s = Linux
uname -v = #1 SMP Thu Nov 25 04:30:55 UTC 2010

/usr/bin/uname -p = unknown
/bin/uname -X     = unknown

/bin/arch              = unknown
/usr/bin/arch -k       = unknown
/usr/convex/getsysinfo = unknown
/usr/bin/hostinfo      = unknown
/bin/machine           = unknown
/usr/bin/oslevel       = unknown
/bin/universe          = unknown

PATH: /home/support/apps/cports/debian-5.x86_64/gnu/tmux/1.3/bin
PATH: /usr/local/bin
PATH: /usr/bin
PATH: /bin
PATH: /usr/games


## ----------- ##
## Core tests. ##
## ----------- ##

configure:2259: checking for a BSD-compatible install
configure:2327: result: /usr/bin/install -c
configure:2338: checking whether build environment is sane
configure:2388: result: yes
configure:2529: checking for a thread-safe mkdir -p
configure:2568: result: /bin/mkdir -p
configure:2581: checking for gawk
configure:2611: result: no
configure:2581: checking for mawk
configure:2597: found /usr/bin/mawk
configure:2608: result: mawk
configure:2619: checking whether make sets $(MAKE)
configure:2641: result: yes
configure:2771: checking for gcc
configure:2787: found /usr/bin/gcc
configure:2798: result: gcc
configure:3027: checking for C compiler version
configure:3036: gcc --version >&5
gcc (Debian 4.3.2-1.1) 4.3.2
Copyright (C) 2008 Free Software Foundation, Inc.
This is free software; see the source for copying conditions.  There is NO
warranty; not even for MERCHANTABILITY or FITNESS FOR A PARTICULAR PURPOSE.

configure:3047: $? = 0
configure:3036: gcc -v >&5
Using built-in specs.
Target: x86_64-linux-gnu
Configured with: ../src/configure -v --with-pkgversion='Debian 4.3.2-1.1' --with-bugurl=file:///usr/share/doc/gcc-4.3/README.Bugs --enable-languages=c,c++,fortran,objc,obj-c++ --prefix=/usr --enable-shared --with-system-zlib --libexecdir=/usr/lib --without-included-gettext --enable-threads=posix --enable-nls --with-gxx-include-dir=/usr/include/c++/4.3 --program-suffix=-4.3 --enable-clocale=gnu --enable-libstdcxx-debug --enable-objc-gc --enable-mpfr --enable-cld --enable-checking=release --build=x86_64-linux-gnu --host=x86_64-linux-gnu --target=x86_64-linux-gnu
Thread model: posix
gcc version 4.3.2 (Debian 4.3.2-1.1) 
configure:3047: $? = 0
configure:3036: gcc -V >&5
gcc: '-V' option must have argument
configure:3047: $? = 1
configure:3036: gcc -qversion >&5
gcc: unrecognized option '-qversion'
gcc: no input files
configure:3047: $? = 1
configure:3067: checking whether the C compiler works
configure:3089: gcc -Os   conftest.c  >&5
configure:3093: $? = 0
configure:3141: result: yes
configure:3144: checking for C compiler default output file name
configure:3146: result: a.out
configure:3152: checking for suffix of executables
configure:3159: gcc -o conftest -Os   conftest.c  >&5
configure:3163: $? = 0
configure:3185: result: 
configure:3207: checking whether we are cross compiling
configure:3215: gcc -o conftest -Os   conftest.c  >&5
configure:3219: $? = 0
configure:3226: ./conftest
configure:3230: $? = 0
configure:3245: result: no
configure:3250: checking for suffix of object files
configure:3272: gcc -c -Os  conftest.c >&5
configure:3276: $? = 0
configure:3297: result: o
configure:3301: checking whether we are using the GNU C compiler
configure:3320: gcc -c -Os  conftest.c >&5
configure:3320: $? = 0
configure:3329: result: yes
configure:3338: checking whether gcc accepts -g
configure:3358: gcc -c -g  conftest.c >&5
configure:3358: $? = 0
configure:3399: result: yes
configure:3416: checking for gcc option to accept ISO C89
configure:3480: gcc  -c -Os  conftest.c >&5
configure:3480: $? = 0
configure:3493: result: none needed
configure:3524: checking for style of include used by make
configure:3552: result: GNU
configure:3577: checking dependency style of gcc
configure:3687: result: gcc3
configure:3734: checking build system type
configure:3748: result: x86_64-unknown-linux-gnu
configure:3768: checking host system type
configure:3781: result: x86_64-unknown-linux-gnu
configure:3822: checking how to print strings
configure:3849: result: printf
configure:3870: checking for a sed that does not truncate output
configure:3934: result: /bin/sed
configure:3952: checking for grep that handles long lines and -e
configure:4010: result: /bin/grep
configure:4015: checking for egrep
configure:4077: result: /bin/grep -E
configure:4082: checking for fgrep
configure:4144: result: /bin/grep -F
configure:4179: checking for ld used by gcc
configure:4246: result: /usr/bin/ld
configure:4253: checking if the linker (/usr/bin/ld) is GNU ld
configure:4268: result: yes
configure:4280: checking for BSD- or MS-compatible name lister (nm)
configure:4329: result: /usr/bin/nm -B
configure:4459: checking the name lister (/usr/bin/nm -B) interface
configure:4466: gcc -c -Os  conftest.c >&5
configure:4469: /usr/bin/nm -B "conftest.o"
configure:4472: output
0000000000000000 B some_variable
configure:4479: result: BSD nm
configure:4482: checking whether ln -s works
configure:4486: result: yes
configure:4494: checking the maximum length of command line arguments
configure:4619: result: 98304
configure:4636: checking whether the shell understands some XSI constructs
configure:4646: result: yes
configure:4650: checking whether the shell understands "+="
configure:4656: result: yes
configure:4691: checking how to convert x86_64-unknown-linux-gnu file names to x86_64-unknown-linux-gnu format
configure:4731: result: func_convert_file_noop
configure:4738: checking how to convert x86_64-unknown-linux-gnu file names to toolchain format
configure:4758: result: func_convert_file_noop
configure:4765: checking for /usr/bin/ld option to reload object files
configure:4772: result: -r
configure:4846: checking for objdump
configure:4862: found /usr/bin/objdump
configure:4873: result: objdump
configure:4905: checking how to recognize dependent libraries
configure:5107: result: pass_all
configure:5192: checking for dlltool
configure:5222: result: no
configure:5252: checking how to associate runtime and link libraries
configure:5279: result: printf %s\n
configure:5340: checking for ar
configure:5356: found /usr/bin/ar
configure:5367: result: ar
configure:5404: checking for archiver @FILE support
configure:5421: gcc -c -Os  conftest.c >&5
configure:5421: $? = 0
configure:5424: ar cru libconftest.a @conftest.lst >&5
configure:5427: $? = 0
configure:5432: ar cru libconftest.a @conftest.lst >&5
ar: conftest.o: No such file or directory
configure:5435: $? = 1
configure:5447: result: @
configure:5505: checking for strip
configure:5521: found /usr/bin/strip
configure:5532: result: strip
configure:5604: checking for ranlib
configure:5620: found /usr/bin/ranlib
configure:5631: result: ranlib
configure:5733: checking command to parse /usr/bin/nm -B output from gcc object
configure:5852: gcc -c -Os  conftest.c >&5
configure:5855: $? = 0
configure:5859: /usr/bin/nm -B conftest.o \| sed -n -e 's/^.*[ ]\([ABCDGIRSTW][ABCDGIRSTW]*\)[ ][ ]*\([_A-Za-z][_A-Za-z0-9]*\)$/\1 \2 \2/p' | sed '/ __gnu_lto/d' \> conftest.nm
configure:5862: $? = 0
configure:5928: gcc -o conftest -Os   conftest.c conftstm.o >&5
configure:5931: $? = 0
configure:5969: result: ok
configure:6006: checking for sysroot
configure:6036: result: no
configure:6113: gcc -c -Os  conftest.c >&5
configure:6116: $? = 0
configure:6279: checking for mt
configure:6295: found /bin/mt
configure:6306: result: mt
configure:6329: checking if mt is a manifest tool
configure:6335: mt '-?'
mt: invalid option -- ?
configure:6343: result: no
configure:6975: checking how to run the C preprocessor
configure:7006: gcc -E  conftest.c
configure:7006: $? = 0
configure:7020: gcc -E  conftest.c
conftest.c:12:28: error: ac_nonexistent.h: No such file or directory
configure:7020: $? = 1
configure: failed program was:
| /* confdefs.h */
| #define PACKAGE_NAME "shellinabox"
| #define PACKAGE_TARNAME "shellinabox"
| #define PACKAGE_VERSION "2.10"
| #define PACKAGE_STRING "shellinabox 2.10"
| #define PACKAGE_BUGREPORT "markus@shellinabox.com"
| #define PACKAGE_URL ""
| #define VCS_REVISION "239"
| #define PACKAGE "shellinabox"
| #define VERSION "2.10"
| /* end confdefs.h.  */
| #include <ac_nonexistent.h>
configure:7045: result: gcc -E
configure:7065: gcc -E  conftest.c
configure:7065: $? = 0
configure:7079: gcc -E  conftest.c
conftest.c:12:28: error: ac_nonexistent.h: No such file or directory
configure:7079: $? = 1
configure: failed program was:
| /* confdefs.h */
| #define PACKAGE_NAME "shellinabox"
| #define PACKAGE_TARNAME "shellinabox"
| #define PACKAGE_VERSION "2.10"
| #define PACKAGE_STRING "shellinabox 2.10"
| #define PACKAGE_BUGREPORT "markus@shellinabox.com"
| #define PACKAGE_URL ""
| #define VCS_REVISION "239"
| #define PACKAGE "shellinabox"
| #define VERSION "2.10"
| /* end confdefs.h.  */
| #include <ac_nonexistent.h>
configure:7108: checking for ANSI C header files
configure:7128: gcc -c -Os  conftest.c >&5
configure:7128: $? = 0
configure:7201: gcc -o conftest -Os   conftest.c  >&5
configure:7201: $? = 0
configure:7201: ./conftest
configure:7201: $? = 0
configure:7212: result: yes
configure:7225: checking for sys/types.h
configure:7225: gcc -c -Os  conftest.c >&5
configure:7225: $? = 0
configure:7225: result: yes
configure:7225: checking for sys/stat.h
configure:7225: gcc -c -Os  conftest.c >&5
configure:7225: $? = 0
configure:7225: result: yes
configure:7225: checking for stdlib.h
configure:7225: gcc -c -Os  conftest.c >&5
configure:7225: $? = 0
configure:7225: result: yes
configure:7225: checking for string.h
configure:7225: gcc -c -Os  conftest.c >&5
configure:7225: $? = 0
configure:7225: result: yes
configure:7225: checking for memory.h
configure:7225: gcc -c -Os  conftest.c >&5
configure:7225: $? = 0
configure:7225: result: yes
configure:7225: checking for strings.h
configure:7225: gcc -c -Os  conftest.c >&5
configure:7225: $? = 0
configure:7225: result: yes
configure:7225: checking for inttypes.h
configure:7225: gcc -c -Os  conftest.c >&5
configure:7225: $? = 0
configure:7225: result: yes
configure:7225: checking for stdint.h
configure:7225: gcc -c -Os  conftest.c >&5
configure:7225: $? = 0
configure:7225: result: yes
configure:7225: checking for unistd.h
configure:7225: gcc -c -Os  conftest.c >&5
configure:7225: $? = 0
configure:7225: result: yes
configure:7239: checking for dlfcn.h
configure:7239: gcc -c -Os  conftest.c >&5
configure:7239: $? = 0
configure:7239: result: yes
configure:7426: checking for objdir
configure:7441: result: .libs
configure:7708: checking if gcc supports -fno-rtti -fno-exceptions
configure:7726: gcc -c -Os  -fno-rtti -fno-exceptions conftest.c >&5
cc1: warning: command line option "-fno-rtti" is valid for C++/ObjC++ but not for C
configure:7730: $? = 0
configure:7743: result: no
configure:8053: checking for gcc option to produce PIC
configure:8060: result: -fPIC -DPIC
configure:8068: checking if gcc PIC flag -fPIC -DPIC works
configure:8086: gcc -c -Os  -fPIC -DPIC -DPIC conftest.c >&5
configure:8090: $? = 0
configure:8103: result: yes
configure:8132: checking if gcc static flag -static works
configure:8160: result: yes
configure:8175: checking if gcc supports -c -o file.o
configure:8196: gcc -c -Os  -o out/conftest2.o conftest.c >&5
configure:8200: $? = 0
configure:8222: result: yes
configure:8230: checking if gcc supports -c -o file.o
configure:8277: result: yes
configure:8310: checking whether the gcc linker (/usr/bin/ld -m elf_x86_64) supports shared libraries
configure:9472: result: yes
configure:9509: checking whether -lc should be explicitly linked in
configure:9517: gcc -c -Os  conftest.c >&5
configure:9520: $? = 0
configure:9535: gcc -shared  -fPIC -DPIC conftest.o  -v -Wl,-soname -Wl,conftest -o conftest 2\>\&1 \| /bin/grep  -lc  \>/dev/null 2\>\&1
configure:9538: $? = 0
configure:9552: result: no
configure:9717: checking dynamic linker characteristics
configure:10232: gcc -o conftest -Os   -Wl,-rpath -Wl,/foo conftest.c  >&5
configure:10232: $? = 0
configure:10466: result: GNU/Linux ld.so
configure:10573: checking how to hardcode library paths into programs
configure:10598: result: immediate
configure:11138: checking whether stripping libraries is possible
configure:11143: result: yes
configure:11178: checking if libtool supports shared libraries
configure:11180: result: yes
configure:11183: checking whether to build shared libraries
configure:11204: result: yes
configure:11207: checking whether to build static libraries
configure:11211: result: yes
configure:11247: checking for an ANSI C-conforming const
configure:11312: gcc -c -Os  conftest.c >&5
configure:11312: $? = 0
configure:11319: result: yes
configure:11328: checking whether gcc needs -traditional
configure:11362: result: no
configure:11374: checking libutil.h usability
configure:11374: gcc -c -Os  conftest.c >&5
conftest.c:57:21: error: libutil.h: No such file or directory
configure:11374: $? = 1
configure: failed program was:
| /* confdefs.h */
| #define PACKAGE_NAME "shellinabox"
| #define PACKAGE_TARNAME "shellinabox"
| #define PACKAGE_VERSION "2.10"
| #define PACKAGE_STRING "shellinabox 2.10"
| #define PACKAGE_BUGREPORT "markus@shellinabox.com"
| #define PACKAGE_URL ""
| #define VCS_REVISION "239"
| #define PACKAGE "shellinabox"
| #define VERSION "2.10"
| #define STDC_HEADERS 1
| #define HAVE_SYS_TYPES_H 1
| #define HAVE_SYS_STAT_H 1
| #define HAVE_STDLIB_H 1
| #define HAVE_STRING_H 1
| #define HAVE_MEMORY_H 1
| #define HAVE_STRINGS_H 1
| #define HAVE_INTTYPES_H 1
| #define HAVE_STDINT_H 1
| #define HAVE_UNISTD_H 1
| #define HAVE_DLFCN_H 1
| #define LT_OBJDIR ".libs/"
| /* end confdefs.h.  */
| #include <stdio.h>
| #ifdef HAVE_SYS_TYPES_H
| # include <sys/types.h>
| #endif
| #ifdef HAVE_SYS_STAT_H
| # include <sys/stat.h>
| #endif
| #ifdef STDC_HEADERS
| # include <stdlib.h>
| # include <stddef.h>
| #else
| # ifdef HAVE_STDLIB_H
| #  include <stdlib.h>
| # endif
| #endif
| #ifdef HAVE_STRING_H
| # if !defined STDC_HEADERS && defined HAVE_MEMORY_H
| #  include <memory.h>
| # endif
| # include <string.h>
| #endif
| #ifdef HAVE_STRINGS_H
| # include <strings.h>
| #endif
| #ifdef HAVE_INTTYPES_H
| # include <inttypes.h>
| #endif
| #ifdef HAVE_STDINT_H
| # include <stdint.h>
| #endif
| #ifdef HAVE_UNISTD_H
| # include <unistd.h>
| #endif
| #include <libutil.h>
configure:11374: result: no
configure:11374: checking libutil.h presence
configure:11374: gcc -E  conftest.c
conftest.c:24:21: error: libutil.h: No such file or directory
configure:11374: $? = 1
configure: failed program was:
| /* confdefs.h */
| #define PACKAGE_NAME "shellinabox"
| #define PACKAGE_TARNAME "shellinabox"
| #define PACKAGE_VERSION "2.10"
| #define PACKAGE_STRING "shellinabox 2.10"
| #define PACKAGE_BUGREPORT "markus@shellinabox.com"
| #define PACKAGE_URL ""
| #define VCS_REVISION "239"
| #define PACKAGE "shellinabox"
| #define VERSION "2.10"
| #define STDC_HEADERS 1
| #define HAVE_SYS_TYPES_H 1
| #define HAVE_SYS_STAT_H 1
| #define HAVE_STDLIB_H 1
| #define HAVE_STRING_H 1
| #define HAVE_MEMORY_H 1
| #define HAVE_STRINGS_H 1
| #define HAVE_INTTYPES_H 1
| #define HAVE_STDINT_H 1
| #define HAVE_UNISTD_H 1
| #define HAVE_DLFCN_H 1
| #define LT_OBJDIR ".libs/"
| /* end confdefs.h.  */
| #include <libutil.h>
configure:11374: result: no
configure:11374: checking for libutil.h
configure:11374: result: no
configure:11374: checking pthread.h usability
configure:11374: gcc -c -Os  conftest.c >&5
configure:11374: $? = 0
configure:11374: result: yes
configure:11374: checking pthread.h presence
configure:11374: gcc -E  conftest.c
configure:11374: $? = 0
configure:11374: result: yes
configure:11374: checking for pthread.h
configure:11374: result: yes
configure:11374: checking pty.h usability
configure:11374: gcc -c -Os  conftest.c >&5
configure:11374: $? = 0
configure:11374: result: yes
configure:11374: checking pty.h presence
configure:11374: gcc -E  conftest.c
configure:11374: $? = 0
configure:11374: result: yes
configure:11374: checking for pty.h
configure:11374: result: yes
configure:11374: checking for strings.h
configure:11374: result: yes
configure:11374: checking sys/prctl.h usability
configure:11374: gcc -c -Os  conftest.c >&5
configure:11374: $? = 0
configure:11374: result: yes
configure:11374: checking sys/prctl.h presence
configure:11374: gcc -E  conftest.c
configure:11374: $? = 0
configure:11374: result: yes
configure:11374: checking for sys/prctl.h
configure:11374: result: yes
configure:11374: checking sys/uio.h usability
configure:11374: gcc -c -Os  conftest.c >&5
configure:11374: $? = 0
configure:11374: result: yes
configure:11374: checking sys/uio.h presence
configure:11374: gcc -E  conftest.c
configure:11374: $? = 0
configure:11374: result: yes
configure:11374: checking for sys/uio.h
configure:11374: result: yes
configure:11374: checking util.h usability
configure:11374: gcc -c -Os  conftest.c >&5
conftest.c:62:18: error: util.h: No such file or directory
configure:11374: $? = 1
configure: failed program was:
| /* confdefs.h */
| #define PACKAGE_NAME "shellinabox"
| #define PACKAGE_TARNAME "shellinabox"
| #define PACKAGE_VERSION "2.10"
| #define PACKAGE_STRING "shellinabox 2.10"
| #define PACKAGE_BUGREPORT "markus@shellinabox.com"
| #define PACKAGE_URL ""
| #define VCS_REVISION "239"
| #define PACKAGE "shellinabox"
| #define VERSION "2.10"
| #define STDC_HEADERS 1
| #define HAVE_SYS_TYPES_H 1
| #define HAVE_SYS_STAT_H 1
| #define HAVE_STDLIB_H 1
| #define HAVE_STRING_H 1
| #define HAVE_MEMORY_H 1
| #define HAVE_STRINGS_H 1
| #define HAVE_INTTYPES_H 1
| #define HAVE_STDINT_H 1
| #define HAVE_UNISTD_H 1
| #define HAVE_DLFCN_H 1
| #define LT_OBJDIR ".libs/"
| #define HAVE_PTHREAD_H 1
| #define HAVE_PTY_H 1
| #define HAVE_STRINGS_H 1
| #define HAVE_SYS_PRCTL_H 1
| #define HAVE_SYS_UIO_H 1
| /* end confdefs.h.  */
| #include <stdio.h>
| #ifdef HAVE_SYS_TYPES_H
| # include <sys/types.h>
| #endif
| #ifdef HAVE_SYS_STAT_H
| # include <sys/stat.h>
| #endif
| #ifdef STDC_HEADERS
| # include <stdlib.h>
| # include <stddef.h>
| #else
| # ifdef HAVE_STDLIB_H
| #  include <stdlib.h>
| # endif
| #endif
| #ifdef HAVE_STRING_H
| # if !defined STDC_HEADERS && defined HAVE_MEMORY_H
| #  include <memory.h>
| # endif
| # include <string.h>
| #endif
| #ifdef HAVE_STRINGS_H
| # include <strings.h>
| #endif
| #ifdef HAVE_INTTYPES_H
| # include <inttypes.h>
| #endif
| #ifdef HAVE_STDINT_H
| # include <stdint.h>
| #endif
| #ifdef HAVE_UNISTD_H
| # include <unistd.h>
| #endif
| #include <util.h>
configure:11374: result: no
configure:11374: checking util.h presence
configure:11374: gcc -E  conftest.c
conftest.c:29:18: error: util.h: No such file or directory
configure:11374: $? = 1
configure: failed program was:
| /* confdefs.h */
| #define PACKAGE_NAME "shellinabox"
| #define PACKAGE_TARNAME "shellinabox"
| #define PACKAGE_VERSION "2.10"
| #define PACKAGE_STRING "shellinabox 2.10"
| #define PACKAGE_BUGREPORT "markus@shellinabox.com"
| #define PACKAGE_URL ""
| #define VCS_REVISION "239"
| #define PACKAGE "shellinabox"
| #define VERSION "2.10"
| #define STDC_HEADERS 1
| #define HAVE_SYS_TYPES_H 1
| #define HAVE_SYS_STAT_H 1
| #define HAVE_STDLIB_H 1
| #define HAVE_STRING_H 1
| #define HAVE_MEMORY_H 1
| #define HAVE_STRINGS_H 1
| #define HAVE_INTTYPES_H 1
| #define HAVE_STDINT_H 1
| #define HAVE_UNISTD_H 1
| #define HAVE_DLFCN_H 1
| #define LT_OBJDIR ".libs/"
| #define HAVE_PTHREAD_H 1
| #define HAVE_PTY_H 1
| #define HAVE_STRINGS_H 1
| #define HAVE_SYS_PRCTL_H 1
| #define HAVE_SYS_UIO_H 1
| /* end confdefs.h.  */
| #include <util.h>
configure:11374: result: no
configure:11374: checking for util.h
configure:11374: result: no
configure:11374: checking utmp.h usability
configure:11374: gcc -c -Os  conftest.c >&5
configure:11374: $? = 0
configure:11374: result: yes
configure:11374: checking utmp.h presence
configure:11374: gcc -E  conftest.c
configure:11374: $? = 0
configure:11374: result: yes
configure:11374: checking for utmp.h
configure:11374: result: yes
configure:11374: checking utmpx.h usability
configure:11374: gcc -c -Os  conftest.c >&5
configure:11374: $? = 0
configure:11374: result: yes
configure:11374: checking utmpx.h presence
configure:11374: gcc -E  conftest.c
configure:11374: $? = 0
configure:11374: result: yes
configure:11374: checking for utmpx.h
configure:11374: result: yes
configure:11387: checking for login_tty
configure:11387: gcc -o conftest -Os   conftest.c  >&5
/tmp/ccqwOegi.o: In function `main':
conftest.c:(.text+0x7): undefined reference to `login_tty'
collect2: ld returned 1 exit status
configure:11387: $? = 1
configure: failed program was:
| /* confdefs.h */
| #define PACKAGE_NAME "shellinabox"
| #define PACKAGE_TARNAME "shellinabox"
| #define PACKAGE_VERSION "2.10"
| #define PACKAGE_STRING "shellinabox 2.10"
| #define PACKAGE_BUGREPORT "markus@shellinabox.com"
| #define PACKAGE_URL ""
| #define VCS_REVISION "239"
| #define PACKAGE "shellinabox"
| #define VERSION "2.10"
| #define STDC_HEADERS 1
| #define HAVE_SYS_TYPES_H 1
| #define HAVE_SYS_STAT_H 1
| #define HAVE_STDLIB_H 1
| #define HAVE_STRING_H 1
| #define HAVE_MEMORY_H 1
| #define HAVE_STRINGS_H 1
| #define HAVE_INTTYPES_H 1
| #define HAVE_STDINT_H 1
| #define HAVE_UNISTD_H 1
| #define HAVE_DLFCN_H 1
| #define LT_OBJDIR ".libs/"
| #define HAVE_PTHREAD_H 1
| #define HAVE_PTY_H 1
| #define HAVE_STRINGS_H 1
| #define HAVE_SYS_PRCTL_H 1
| #define HAVE_SYS_UIO_H 1
| #define HAVE_UTMP_H 1
| #define HAVE_UTMPX_H 1
| /* end confdefs.h.  */
| /* Define login_tty to an innocuous variant, in case <limits.h> declares login_tty.
|    For example, HP-UX 11i <limits.h> declares gettimeofday.  */
| #define login_tty innocuous_login_tty
| 
| /* System header to define __stub macros and hopefully few prototypes,
|     which can conflict with char login_tty (); below.
|     Prefer <limits.h> to <assert.h> if __STDC__ is defined, since
|     <limits.h> exists even on freestanding compilers.  */
| 
| #ifdef __STDC__
| # include <limits.h>
| #else
| # include <assert.h>
| #endif
| 
| #undef login_tty
| 
| /* Override any GCC internal prototype to avoid an error.
|    Use char because int might match the return type of a GCC
|    builtin and then its argument prototype would still apply.  */
| #ifdef __cplusplus
| extern "C"
| #endif
| char login_tty ();
| /* The GNU C library defines this for functions which it implements
|     to always fail with ENOSYS.  Some functions are actually named
|     something starting with __ and the normal name is an alias.  */
| #if defined __stub_login_tty || defined __stub___login_tty
| choke me
| #endif
| 
| int
| main ()
| {
| return login_tty ();
|   ;
|   return 0;
| }
configure:11387: result: no
configure:11394: checking for login_tty in -lutil
configure:11419: gcc -o conftest -Os   conftest.c -lutil   >&5
configure:11419: $? = 0
configure:11428: result: yes
configure:11442: checking for strlcat
configure:11442: gcc -o conftest -Os   conftest.c -lutil  >&5
/tmp/ccMrkDfz.o: In function `main':
conftest.c:(.text+0x7): undefined reference to `strlcat'
collect2: ld returned 1 exit status
configure:11442: $? = 1
configure: failed program was:
| /* confdefs.h */
| #define PACKAGE_NAME "shellinabox"
| #define PACKAGE_TARNAME "shellinabox"
| #define PACKAGE_VERSION "2.10"
| #define PACKAGE_STRING "shellinabox 2.10"
| #define PACKAGE_BUGREPORT "markus@shellinabox.com"
| #define PACKAGE_URL ""
| #define VCS_REVISION "239"
| #define PACKAGE "shellinabox"
| #define VERSION "2.10"
| #define STDC_HEADERS 1
| #define HAVE_SYS_TYPES_H 1
| #define HAVE_SYS_STAT_H 1
| #define HAVE_STDLIB_H 1
| #define HAVE_STRING_H 1
| #define HAVE_MEMORY_H 1
| #define HAVE_STRINGS_H 1
| #define HAVE_INTTYPES_H 1
| #define HAVE_STDINT_H 1
| #define HAVE_UNISTD_H 1
| #define HAVE_DLFCN_H 1
| #define LT_OBJDIR ".libs/"
| #define HAVE_PTHREAD_H 1
| #define HAVE_PTY_H 1
| #define HAVE_STRINGS_H 1
| #define HAVE_SYS_PRCTL_H 1
| #define HAVE_SYS_UIO_H 1
| #define HAVE_UTMP_H 1
| #define HAVE_UTMPX_H 1
| #define HAVE_LOGIN_TTY 1
| /* end confdefs.h.  */
| /* Define strlcat to an innocuous variant, in case <limits.h> declares strlcat.
|    For example, HP-UX 11i <limits.h> declares gettimeofday.  */
| #define strlcat innocuous_strlcat
| 
| /* System header to define __stub macros and hopefully few prototypes,
|     which can conflict with char strlcat (); below.
|     Prefer <limits.h> to <assert.h> if __STDC__ is defined, since
|     <limits.h> exists even on freestanding compilers.  */
| 
| #ifdef __STDC__
| # include <limits.h>
| #else
| # include <assert.h>
| #endif
| 
| #undef strlcat
| 
| /* Override any GCC internal prototype to avoid an error.
|    Use char because int might match the return type of a GCC
|    builtin and then its argument prototype would still apply.  */
| #ifdef __cplusplus
| extern "C"
| #endif
| char strlcat ();
| /* The GNU C library defines this for functions which it implements
|     to always fail with ENOSYS.  Some functions are actually named
|     something starting with __ and the normal name is an alias.  */
| #if defined __stub_strlcat || defined __stub___strlcat
| choke me
| #endif
| 
| int
| main ()
| {
| return strlcat ();
|   ;
|   return 0;
| }
configure:11442: result: no
configure:11456: checking for getgrgid_r
configure:11456: gcc -o conftest -Os   conftest.c -lutil  >&5
configure:11456: $? = 0
configure:11456: result: yes
configure:11456: checking for getgrnam_r
configure:11456: gcc -o conftest -Os   conftest.c -lutil  >&5
configure:11456: $? = 0
configure:11456: result: yes
configure:11456: checking for gethostbyname_r
configure:11456: gcc -o conftest -Os   conftest.c -lutil  >&5
configure:11456: $? = 0
configure:11456: result: yes
configure:11456: checking for getpwnam_r
configure:11456: gcc -o conftest -Os   conftest.c -lutil  >&5
configure:11456: $? = 0
configure:11456: result: yes
configure:11456: checking for getpwuid_r
configure:11456: gcc -o conftest -Os   conftest.c -lutil  >&5
configure:11456: $? = 0
configure:11456: result: yes
configure:11456: checking for openpty
configure:11456: gcc -o conftest -Os   conftest.c -lutil  >&5
configure:11456: $? = 0
configure:11456: result: yes
configure:11456: checking for strcasestr
configure:11456: gcc -o conftest -Os   conftest.c -lutil  >&5
configure:11456: $? = 0
configure:11456: result: yes
configure:11456: checking for getresuid
configure:11456: gcc -o conftest -Os   conftest.c -lutil  >&5
configure:11456: $? = 0
configure:11456: result: yes
configure:11456: checking for getresgid
configure:11456: gcc -o conftest -Os   conftest.c -lutil  >&5
configure:11456: $? = 0
configure:11456: result: yes
configure:11456: checking for setresuid
configure:11456: gcc -o conftest -Os   conftest.c -lutil  >&5
configure:11456: $? = 0
configure:11456: result: yes
configure:11456: checking for setresgid
configure:11456: gcc -o conftest -Os   conftest.c -lutil  >&5
configure:11456: $? = 0
configure:11456: result: yes
configure:11483: gcc -o conftest -Os   conftest.c -lutil  >&5
configure:11483: $? = 0
configure:11503: gcc -o conftest -Os   conftest.c -lutil  >&5
configure:11503: $? = 0
configure:11522: gcc -o conftest -Os   conftest.c -lutil  >&5
configure:11522: $? = 0
configure:11541: gcc -o conftest -Os   conftest.c -lutil  >&5
configure:11541: $? = 0
configure:11559: gcc -o conftest -Os   conftest.c -lutil  >&5
configure:11559: $? = 0
configure:11579: gcc -o conftest -Os   conftest.c -lutil  >&5
configure:11579: $? = 0
configure:11598: gcc -o conftest -Os   conftest.c -lutil  >&5
configure:11598: $? = 0
configure:11619: gcc -o conftest -Os   conftest.c -lutil  >&5
conftest.c: In function 'main':
conftest.c:56: warning: initialization from incompatible pointer type
configure:11619: $? = 0
configure: failed program was:
| /* confdefs.h */
| #define PACKAGE_NAME "shellinabox"
| #define PACKAGE_TARNAME "shellinabox"
| #define PACKAGE_VERSION "2.10"
| #define PACKAGE_STRING "shellinabox 2.10"
| #define PACKAGE_BUGREPORT "markus@shellinabox.com"
| #define PACKAGE_URL ""
| #define VCS_REVISION "239"
| #define PACKAGE "shellinabox"
| #define VERSION "2.10"
| #define STDC_HEADERS 1
| #define HAVE_SYS_TYPES_H 1
| #define HAVE_SYS_STAT_H 1
| #define HAVE_STDLIB_H 1
| #define HAVE_STRING_H 1
| #define HAVE_MEMORY_H 1
| #define HAVE_STRINGS_H 1
| #define HAVE_INTTYPES_H 1
| #define HAVE_STDINT_H 1
| #define HAVE_UNISTD_H 1
| #define HAVE_DLFCN_H 1
| #define LT_OBJDIR ".libs/"
| #define HAVE_PTHREAD_H 1
| #define HAVE_PTY_H 1
| #define HAVE_STRINGS_H 1
| #define HAVE_SYS_PRCTL_H 1
| #define HAVE_SYS_UIO_H 1
| #define HAVE_UTMP_H 1
| #define HAVE_UTMPX_H 1
| #define HAVE_LOGIN_TTY 1
| #define HAVE_GETGRGID_R 1
| #define HAVE_GETGRNAM_R 1
| #define HAVE_GETHOSTBYNAME_R 1
| #define HAVE_GETPWNAM_R 1
| #define HAVE_GETPWUID_R 1
| #define HAVE_OPENPTY 1
| #define HAVE_STRCASESTR 1
| #define HAVE_GETRESUID 1
| #define HAVE_GETRESGID 1
| #define HAVE_SETRESUID 1
| #define HAVE_SETRESGID 1
| #define HAVE_PTSNAME_R 1
| #define HAVE_SIGWAIT 1
| #define HAVE_ISNAN 1
| #define HAVE_UPDWTMP 1
| #define HAVE_UPDWTMPX 1
| #define HAVE_ATTRIBUTE_ALIAS 1
| #define HAVE_ATTRIBUTE_UNUSED 1
| /* end confdefs.h.  */
| #define _BSD_SOURCE
|              #include <grp.h>
|              #include <unistd.h>
| int
| main ()
| {
| int (*f)(const char *, int, int *, int *) = getgrouplist;
|   ;
|   return 0;
| }
configure:11660: checking openssl/bio.h usability
configure:11660: gcc -c -Os  conftest.c >&5
configure:11660: $? = 0
configure:11660: result: yes
configure:11660: checking openssl/bio.h presence
configure:11660: gcc -E  conftest.c
configure:11660: $? = 0
configure:11660: result: yes
configure:11660: checking for openssl/bio.h
configure:11660: result: yes
configure:11660: checking openssl/err.h usability
configure:11660: gcc -c -Os  conftest.c >&5
configure:11660: $? = 0
configure:11660: result: yes
configure:11660: checking openssl/err.h presence
configure:11660: gcc -E  conftest.c
configure:11660: $? = 0
configure:11660: result: yes
configure:11660: checking for openssl/err.h
configure:11660: result: yes
configure:11660: checking openssl/ssl.h usability
configure:11660: gcc -c -Os  conftest.c >&5
configure:11660: $? = 0
configure:11660: result: yes
configure:11660: checking openssl/ssl.h presence
configure:11660: gcc -E  conftest.c
configure:11660: $? = 0
configure:11660: result: yes
configure:11660: checking for openssl/ssl.h
configure:11660: result: yes
configure:11677: checking security/pam_appl.h usability
configure:11677: gcc -c -Os  conftest.c >&5
conftest.c:87:31: error: security/pam_appl.h: No such file or directory
configure:11677: $? = 1
configure: failed program was:
| /* confdefs.h */
| #define PACKAGE_NAME "shellinabox"
| #define PACKAGE_TARNAME "shellinabox"
| #define PACKAGE_VERSION "2.10"
| #define PACKAGE_STRING "shellinabox 2.10"
| #define PACKAGE_BUGREPORT "markus@shellinabox.com"
| #define PACKAGE_URL ""
| #define VCS_REVISION "239"
| #define PACKAGE "shellinabox"
| #define VERSION "2.10"
| #define STDC_HEADERS 1
| #define HAVE_SYS_TYPES_H 1
| #define HAVE_SYS_STAT_H 1
| #define HAVE_STDLIB_H 1
| #define HAVE_STRING_H 1
| #define HAVE_MEMORY_H 1
| #define HAVE_STRINGS_H 1
| #define HAVE_INTTYPES_H 1
| #define HAVE_STDINT_H 1
| #define HAVE_UNISTD_H 1
| #define HAVE_DLFCN_H 1
| #define LT_OBJDIR ".libs/"
| #define HAVE_PTHREAD_H 1
| #define HAVE_PTY_H 1
| #define HAVE_STRINGS_H 1
| #define HAVE_SYS_PRCTL_H 1
| #define HAVE_SYS_UIO_H 1
| #define HAVE_UTMP_H 1
| #define HAVE_UTMPX_H 1
| #define HAVE_LOGIN_TTY 1
| #define HAVE_GETGRGID_R 1
| #define HAVE_GETGRNAM_R 1
| #define HAVE_GETHOSTBYNAME_R 1
| #define HAVE_GETPWNAM_R 1
| #define HAVE_GETPWUID_R 1
| #define HAVE_OPENPTY 1
| #define HAVE_STRCASESTR 1
| #define HAVE_GETRESUID 1
| #define HAVE_GETRESGID 1
| #define HAVE_SETRESUID 1
| #define HAVE_SETRESGID 1
| #define HAVE_PTSNAME_R 1
| #define HAVE_SIGWAIT 1
| #define HAVE_ISNAN 1
| #define HAVE_UPDWTMP 1
| #define HAVE_UPDWTMPX 1
| #define HAVE_ATTRIBUTE_ALIAS 1
| #define HAVE_ATTRIBUTE_UNUSED 1
| #define HAVE_BIN_LOGIN 1
| #define HAVE_OPENSSL_BIO_H 1
| #define HAVE_OPENSSL_ERR_H 1
| #define HAVE_OPENSSL_SSL_H 1
| /* end confdefs.h.  */
| #include <stdio.h>
| #ifdef HAVE_SYS_TYPES_H
| # include <sys/types.h>
| #endif
| #ifdef HAVE_SYS_STAT_H
| # include <sys/stat.h>
| #endif
| #ifdef STDC_HEADERS
| # include <stdlib.h>
| # include <stddef.h>
| #else
| # ifdef HAVE_STDLIB_H
| #  include <stdlib.h>
| # endif
| #endif
| #ifdef HAVE_STRING_H
| # if !defined STDC_HEADERS && defined HAVE_MEMORY_H
| #  include <memory.h>
| # endif
| # include <string.h>
| #endif
| #ifdef HAVE_STRINGS_H
| # include <strings.h>
| #endif
| #ifdef HAVE_INTTYPES_H
| # include <inttypes.h>
| #endif
| #ifdef HAVE_STDINT_H
| # include <stdint.h>
| #endif
| #ifdef HAVE_UNISTD_H
| # include <unistd.h>
| #endif
| #include <security/pam_appl.h>
configure:11677: result: no
configure:11677: checking security/pam_appl.h presence
configure:11677: gcc -E  conftest.c
conftest.c:54:31: error: security/pam_appl.h: No such file or directory
configure:11677: $? = 1
configure: failed program was:
| /* confdefs.h */
| #define PACKAGE_NAME "shellinabox"
| #define PACKAGE_TARNAME "shellinabox"
| #define PACKAGE_VERSION "2.10"
| #define PACKAGE_STRING "shellinabox 2.10"
| #define PACKAGE_BUGREPORT "markus@shellinabox.com"
| #define PACKAGE_URL ""
| #define VCS_REVISION "239"
| #define PACKAGE "shellinabox"
| #define VERSION "2.10"
| #define STDC_HEADERS 1
| #define HAVE_SYS_TYPES_H 1
| #define HAVE_SYS_STAT_H 1
| #define HAVE_STDLIB_H 1
| #define HAVE_STRING_H 1
| #define HAVE_MEMORY_H 1
| #define HAVE_STRINGS_H 1
| #define HAVE_INTTYPES_H 1
| #define HAVE_STDINT_H 1
| #define HAVE_UNISTD_H 1
| #define HAVE_DLFCN_H 1
| #define LT_OBJDIR ".libs/"
| #define HAVE_PTHREAD_H 1
| #define HAVE_PTY_H 1
| #define HAVE_STRINGS_H 1
| #define HAVE_SYS_PRCTL_H 1
| #define HAVE_SYS_UIO_H 1
| #define HAVE_UTMP_H 1
| #define HAVE_UTMPX_H 1
| #define HAVE_LOGIN_TTY 1
| #define HAVE_GETGRGID_R 1
| #define HAVE_GETGRNAM_R 1
| #define HAVE_GETHOSTBYNAME_R 1
| #define HAVE_GETPWNAM_R 1
| #define HAVE_GETPWUID_R 1
| #define HAVE_OPENPTY 1
| #define HAVE_STRCASESTR 1
| #define HAVE_GETRESUID 1
| #define HAVE_GETRESGID 1
| #define HAVE_SETRESUID 1
| #define HAVE_SETRESGID 1
| #define HAVE_PTSNAME_R 1
| #define HAVE_SIGWAIT 1
| #define HAVE_ISNAN 1
| #define HAVE_UPDWTMP 1
| #define HAVE_UPDWTMPX 1
| #define HAVE_ATTRIBUTE_ALIAS 1
| #define HAVE_ATTRIBUTE_UNUSED 1
| #define HAVE_BIN_LOGIN 1
| #define HAVE_OPENSSL_BIO_H 1
| #define HAVE_OPENSSL_ERR_H 1
| #define HAVE_OPENSSL_SSL_H 1
| /* end confdefs.h.  */
| #include <security/pam_appl.h>
configure:11677: result: no
configure:11677: checking for security/pam_appl.h
configure:11677: result: no
configure:11677: checking security/pam_client.h usability
configure:11677: gcc -c -Os  conftest.c >&5
conftest.c:87:33: error: security/pam_client.h: No such file or directory
configure:11677: $? = 1
configure: failed program was:
| /* confdefs.h */
| #define PACKAGE_NAME "shellinabox"
| #define PACKAGE_TARNAME "shellinabox"
| #define PACKAGE_VERSION "2.10"
| #define PACKAGE_STRING "shellinabox 2.10"
| #define PACKAGE_BUGREPORT "markus@shellinabox.com"
| #define PACKAGE_URL ""
| #define VCS_REVISION "239"
| #define PACKAGE "shellinabox"
| #define VERSION "2.10"
| #define STDC_HEADERS 1
| #define HAVE_SYS_TYPES_H 1
| #define HAVE_SYS_STAT_H 1
| #define HAVE_STDLIB_H 1
| #define HAVE_STRING_H 1
| #define HAVE_MEMORY_H 1
| #define HAVE_STRINGS_H 1
| #define HAVE_INTTYPES_H 1
| #define HAVE_STDINT_H 1
| #define HAVE_UNISTD_H 1
| #define HAVE_DLFCN_H 1
| #define LT_OBJDIR ".libs/"
| #define HAVE_PTHREAD_H 1
| #define HAVE_PTY_H 1
| #define HAVE_STRINGS_H 1
| #define HAVE_SYS_PRCTL_H 1
| #define HAVE_SYS_UIO_H 1
| #define HAVE_UTMP_H 1
| #define HAVE_UTMPX_H 1
| #define HAVE_LOGIN_TTY 1
| #define HAVE_GETGRGID_R 1
| #define HAVE_GETGRNAM_R 1
| #define HAVE_GETHOSTBYNAME_R 1
| #define HAVE_GETPWNAM_R 1
| #define HAVE_GETPWUID_R 1
| #define HAVE_OPENPTY 1
| #define HAVE_STRCASESTR 1
| #define HAVE_GETRESUID 1
| #define HAVE_GETRESGID 1
| #define HAVE_SETRESUID 1
| #define HAVE_SETRESGID 1
| #define HAVE_PTSNAME_R 1
| #define HAVE_SIGWAIT 1
| #define HAVE_ISNAN 1
| #define HAVE_UPDWTMP 1
| #define HAVE_UPDWTMPX 1
| #define HAVE_ATTRIBUTE_ALIAS 1
| #define HAVE_ATTRIBUTE_UNUSED 1
| #define HAVE_BIN_LOGIN 1
| #define HAVE_OPENSSL_BIO_H 1
| #define HAVE_OPENSSL_ERR_H 1
| #define HAVE_OPENSSL_SSL_H 1
| /* end confdefs.h.  */
| #include <stdio.h>
| #ifdef HAVE_SYS_TYPES_H
| # include <sys/types.h>
| #endif
| #ifdef HAVE_SYS_STAT_H
| # include <sys/stat.h>
| #endif
| #ifdef STDC_HEADERS
| # include <stdlib.h>
| # include <stddef.h>
| #else
| # ifdef HAVE_STDLIB_H
| #  include <stdlib.h>
| # endif
| #endif
| #ifdef HAVE_STRING_H
| # if !defined STDC_HEADERS && defined HAVE_MEMORY_H
| #  include <memory.h>
| # endif
| # include <string.h>
| #endif
| #ifdef HAVE_STRINGS_H
| # include <strings.h>
| #endif
| #ifdef HAVE_INTTYPES_H
| # include <inttypes.h>
| #endif
| #ifdef HAVE_STDINT_H
| # include <stdint.h>
| #endif
| #ifdef HAVE_UNISTD_H
| # include <unistd.h>
| #endif
| #include <security/pam_client.h>
configure:11677: result: no
configure:11677: checking security/pam_client.h presence
configure:11677: gcc -E  conftest.c
conftest.c:54:33: error: security/pam_client.h: No such file or directory
configure:11677: $? = 1
configure: failed program was:
| /* confdefs.h */
| #define PACKAGE_NAME "shellinabox"
| #define PACKAGE_TARNAME "shellinabox"
| #define PACKAGE_VERSION "2.10"
| #define PACKAGE_STRING "shellinabox 2.10"
| #define PACKAGE_BUGREPORT "markus@shellinabox.com"
| #define PACKAGE_URL ""
| #define VCS_REVISION "239"
| #define PACKAGE "shellinabox"
| #define VERSION "2.10"
| #define STDC_HEADERS 1
| #define HAVE_SYS_TYPES_H 1
| #define HAVE_SYS_STAT_H 1
| #define HAVE_STDLIB_H 1
| #define HAVE_STRING_H 1
| #define HAVE_MEMORY_H 1
| #define HAVE_STRINGS_H 1
| #define HAVE_INTTYPES_H 1
| #define HAVE_STDINT_H 1
| #define HAVE_UNISTD_H 1
| #define HAVE_DLFCN_H 1
| #define LT_OBJDIR ".libs/"
| #define HAVE_PTHREAD_H 1
| #define HAVE_PTY_H 1
| #define HAVE_STRINGS_H 1
| #define HAVE_SYS_PRCTL_H 1
| #define HAVE_SYS_UIO_H 1
| #define HAVE_UTMP_H 1
| #define HAVE_UTMPX_H 1
| #define HAVE_LOGIN_TTY 1
| #define HAVE_GETGRGID_R 1
| #define HAVE_GETGRNAM_R 1
| #define HAVE_GETHOSTBYNAME_R 1
| #define HAVE_GETPWNAM_R 1
| #define HAVE_GETPWUID_R 1
| #define HAVE_OPENPTY 1
| #define HAVE_STRCASESTR 1
| #define HAVE_GETRESUID 1
| #define HAVE_GETRESGID 1
| #define HAVE_SETRESUID 1
| #define HAVE_SETRESGID 1
| #define HAVE_PTSNAME_R 1
| #define HAVE_SIGWAIT 1
| #define HAVE_ISNAN 1
| #define HAVE_UPDWTMP 1
| #define HAVE_UPDWTMPX 1
| #define HAVE_ATTRIBUTE_ALIAS 1
| #define HAVE_ATTRIBUTE_UNUSED 1
| #define HAVE_BIN_LOGIN 1
| #define HAVE_OPENSSL_BIO_H 1
| #define HAVE_OPENSSL_ERR_H 1
| #define HAVE_OPENSSL_SSL_H 1
| /* end confdefs.h.  */
| #include <security/pam_client.h>
configure:11677: result: no
configure:11677: checking for security/pam_client.h
configure:11677: result: no
configure:11677: checking security/pam_misc.h usability
configure:11677: gcc -c -Os  conftest.c >&5
conftest.c:87:31: error: security/pam_misc.h: No such file or directory
configure:11677: $? = 1
configure: failed program was:
| /* confdefs.h */
| #define PACKAGE_NAME "shellinabox"
| #define PACKAGE_TARNAME "shellinabox"
| #define PACKAGE_VERSION "2.10"
| #define PACKAGE_STRING "shellinabox 2.10"
| #define PACKAGE_BUGREPORT "markus@shellinabox.com"
| #define PACKAGE_URL ""
| #define VCS_REVISION "239"
| #define PACKAGE "shellinabox"
| #define VERSION "2.10"
| #define STDC_HEADERS 1
| #define HAVE_SYS_TYPES_H 1
| #define HAVE_SYS_STAT_H 1
| #define HAVE_STDLIB_H 1
| #define HAVE_STRING_H 1
| #define HAVE_MEMORY_H 1
| #define HAVE_STRINGS_H 1
| #define HAVE_INTTYPES_H 1
| #define HAVE_STDINT_H 1
| #define HAVE_UNISTD_H 1
| #define HAVE_DLFCN_H 1
| #define LT_OBJDIR ".libs/"
| #define HAVE_PTHREAD_H 1
| #define HAVE_PTY_H 1
| #define HAVE_STRINGS_H 1
| #define HAVE_SYS_PRCTL_H 1
| #define HAVE_SYS_UIO_H 1
| #define HAVE_UTMP_H 1
| #define HAVE_UTMPX_H 1
| #define HAVE_LOGIN_TTY 1
| #define HAVE_GETGRGID_R 1
| #define HAVE_GETGRNAM_R 1
| #define HAVE_GETHOSTBYNAME_R 1
| #define HAVE_GETPWNAM_R 1
| #define HAVE_GETPWUID_R 1
| #define HAVE_OPENPTY 1
| #define HAVE_STRCASESTR 1
| #define HAVE_GETRESUID 1
| #define HAVE_GETRESGID 1
| #define HAVE_SETRESUID 1
| #define HAVE_SETRESGID 1
| #define HAVE_PTSNAME_R 1
| #define HAVE_SIGWAIT 1
| #define HAVE_ISNAN 1
| #define HAVE_UPDWTMP 1
| #define HAVE_UPDWTMPX 1
| #define HAVE_ATTRIBUTE_ALIAS 1
| #define HAVE_ATTRIBUTE_UNUSED 1
| #define HAVE_BIN_LOGIN 1
| #define HAVE_OPENSSL_BIO_H 1
| #define HAVE_OPENSSL_ERR_H 1
| #define HAVE_OPENSSL_SSL_H 1
| /* end confdefs.h.  */
| #include <stdio.h>
| #ifdef HAVE_SYS_TYPES_H
| # include <sys/types.h>
| #endif
| #ifdef HAVE_SYS_STAT_H
| # include <sys/stat.h>
| #endif
| #ifdef STDC_HEADERS
| # include <stdlib.h>
| # include <stddef.h>
| #else
| # ifdef HAVE_STDLIB_H
| #  include <stdlib.h>
| # endif
| #endif
| #ifdef HAVE_STRING_H
| # if !defined STDC_HEADERS && defined HAVE_MEMORY_H
| #  include <memory.h>
| # endif
| # include <string.h>
| #endif
| #ifdef HAVE_STRINGS_H
| # include <strings.h>
| #endif
| #ifdef HAVE_INTTYPES_H
| # include <inttypes.h>
| #endif
| #ifdef HAVE_STDINT_H
| # include <stdint.h>
| #endif
| #ifdef HAVE_UNISTD_H
| # include <unistd.h>
| #endif
| #include <security/pam_misc.h>
configure:11677: result: no
configure:11677: checking security/pam_misc.h presence
configure:11677: gcc -E  conftest.c
conftest.c:54:31: error: security/pam_misc.h: No such file or directory
configure:11677: $? = 1
configure: failed program was:
| /* confdefs.h */
| #define PACKAGE_NAME "shellinabox"
| #define PACKAGE_TARNAME "shellinabox"
| #define PACKAGE_VERSION "2.10"
| #define PACKAGE_STRING "shellinabox 2.10"
| #define PACKAGE_BUGREPORT "markus@shellinabox.com"
| #define PACKAGE_URL ""
| #define VCS_REVISION "239"
| #define PACKAGE "shellinabox"
| #define VERSION "2.10"
| #define STDC_HEADERS 1
| #define HAVE_SYS_TYPES_H 1
| #define HAVE_SYS_STAT_H 1
| #define HAVE_STDLIB_H 1
| #define HAVE_STRING_H 1
| #define HAVE_MEMORY_H 1
| #define HAVE_STRINGS_H 1
| #define HAVE_INTTYPES_H 1
| #define HAVE_STDINT_H 1
| #define HAVE_UNISTD_H 1
| #define HAVE_DLFCN_H 1
| #define LT_OBJDIR ".libs/"
| #define HAVE_PTHREAD_H 1
| #define HAVE_PTY_H 1
| #define HAVE_STRINGS_H 1
| #define HAVE_SYS_PRCTL_H 1
| #define HAVE_SYS_UIO_H 1
| #define HAVE_UTMP_H 1
| #define HAVE_UTMPX_H 1
| #define HAVE_LOGIN_TTY 1
| #define HAVE_GETGRGID_R 1
| #define HAVE_GETGRNAM_R 1
| #define HAVE_GETHOSTBYNAME_R 1
| #define HAVE_GETPWNAM_R 1
| #define HAVE_GETPWUID_R 1
| #define HAVE_OPENPTY 1
| #define HAVE_STRCASESTR 1
| #define HAVE_GETRESUID 1
| #define HAVE_GETRESGID 1
| #define HAVE_SETRESUID 1
| #define HAVE_SETRESGID 1
| #define HAVE_PTSNAME_R 1
| #define HAVE_SIGWAIT 1
| #define HAVE_ISNAN 1
| #define HAVE_UPDWTMP 1
| #define HAVE_UPDWTMPX 1
| #define HAVE_ATTRIBUTE_ALIAS 1
| #define HAVE_ATTRIBUTE_UNUSED 1
| #define HAVE_BIN_LOGIN 1
| #define HAVE_OPENSSL_BIO_H 1
| #define HAVE_OPENSSL_ERR_H 1
| #define HAVE_OPENSSL_SSL_H 1
| /* end confdefs.h.  */
| #include <security/pam_misc.h>
configure:11677: result: no
configure:11677: checking for security/pam_misc.h
configure:11677: result: no
configure:11692: checking for dlopen
configure:11692: gcc -o conftest -Os   conftest.c -lutil  >&5
/tmp/cc0WyGFa.o: In function `main':
conftest.c:(.text+0x7): undefined reference to `dlopen'
collect2: ld returned 1 exit status
configure:11692: $? = 1
configure: failed program was:
| /* confdefs.h */
| #define PACKAGE_NAME "shellinabox"
| #define PACKAGE_TARNAME "shellinabox"
| #define PACKAGE_VERSION "2.10"
| #define PACKAGE_STRING "shellinabox 2.10"
| #define PACKAGE_BUGREPORT "markus@shellinabox.com"
| #define PACKAGE_URL ""
| #define VCS_REVISION "239"
| #define PACKAGE "shellinabox"
| #define VERSION "2.10"
| #define STDC_HEADERS 1
| #define HAVE_SYS_TYPES_H 1
| #define HAVE_SYS_STAT_H 1
| #define HAVE_STDLIB_H 1
| #define HAVE_STRING_H 1
| #define HAVE_MEMORY_H 1
| #define HAVE_STRINGS_H 1
| #define HAVE_INTTYPES_H 1
| #define HAVE_STDINT_H 1
| #define HAVE_UNISTD_H 1
| #define HAVE_DLFCN_H 1
| #define LT_OBJDIR ".libs/"
| #define HAVE_PTHREAD_H 1
| #define HAVE_PTY_H 1
| #define HAVE_STRINGS_H 1
| #define HAVE_SYS_PRCTL_H 1
| #define HAVE_SYS_UIO_H 1
| #define HAVE_UTMP_H 1
| #define HAVE_UTMPX_H 1
| #define HAVE_LOGIN_TTY 1
| #define HAVE_GETGRGID_R 1
| #define HAVE_GETGRNAM_R 1
| #define HAVE_GETHOSTBYNAME_R 1
| #define HAVE_GETPWNAM_R 1
| #define HAVE_GETPWUID_R 1
| #define HAVE_OPENPTY 1
| #define HAVE_STRCASESTR 1
| #define HAVE_GETRESUID 1
| #define HAVE_GETRESGID 1
| #define HAVE_SETRESUID 1
| #define HAVE_SETRESGID 1
| #define HAVE_PTSNAME_R 1
| #define HAVE_SIGWAIT 1
| #define HAVE_ISNAN 1
| #define HAVE_UPDWTMP 1
| #define HAVE_UPDWTMPX 1
| #define HAVE_ATTRIBUTE_ALIAS 1
| #define HAVE_ATTRIBUTE_UNUSED 1
| #define HAVE_BIN_LOGIN 1
| #define HAVE_OPENSSL_BIO_H 1
| #define HAVE_OPENSSL_ERR_H 1
| #define HAVE_OPENSSL_SSL_H 1
| /* end confdefs.h.  */
| /* Define dlopen to an innocuous variant, in case <limits.h> declares dlopen.
|    For example, HP-UX 11i <limits.h> declares gettimeofday.  */
| #define dlopen innocuous_dlopen
| 
| /* System header to define __stub macros and hopefully few prototypes,
|     which can conflict with char dlopen (); below.
|     Prefer <limits.h> to <assert.h> if __STDC__ is defined, since
|     <limits.h> exists even on freestanding compilers.  */
| 
| #ifdef __STDC__
| # include <limits.h>
| #else
| # include <assert.h>
| #endif
| 
| #undef dlopen
| 
| /* Override any GCC internal prototype to avoid an error.
|    Use char because int might match the return type of a GCC
|    builtin and then its argument prototype would still apply.  */
| #ifdef __cplusplus
| extern "C"
| #endif
| char dlopen ();
| /* The GNU C library defines this for functions which it implements
|     to always fail with ENOSYS.  Some functions are actually named
|     something starting with __ and the normal name is an alias.  */
| #if defined __stub_dlopen || defined __stub___dlopen
| choke me
| #endif
| 
| int
| main ()
| {
| return dlopen ();
|   ;
|   return 0;
| }
configure:11692: result: no
configure:11699: checking for dlopen in -ldl
configure:11724: gcc -o conftest -Os   conftest.c -ldl  -lutil  >&5
configure:11724: $? = 0
configure:11733: result: yes
configure:11784: checking for deflate in -lz
configure:11809: gcc -o conftest -Os   conftest.c -lz  -ldl -lutil  >&5
configure:11809: $? = 0
configure:11818: result: yes
configure:11822: checking zlib.h usability
configure:11822: gcc -c -Os  conftest.c >&5
configure:11822: $? = 0
configure:11822: result: yes
configure:11822: checking zlib.h presence
configure:11822: gcc -E  conftest.c
configure:11822: $? = 0
configure:11822: result: yes
configure:11822: checking for zlib.h
configure:11822: result: yes
configure:11967: creating ./config.status

## ---------------- ##
## Cache variables. ##
## ---------------- ##

ac_cv_build=x86_64-unknown-linux-gnu
ac_cv_c_compiler_gnu=yes
ac_cv_c_const=yes
ac_cv_env_CC_set=
ac_cv_env_CC_value=
ac_cv_env_CFLAGS_set=
ac_cv_env_CFLAGS_value=
ac_cv_env_CPPFLAGS_set=
ac_cv_env_CPPFLAGS_value=
ac_cv_env_CPP_set=
ac_cv_env_CPP_value=
ac_cv_env_LDFLAGS_set=
ac_cv_env_LDFLAGS_value=
ac_cv_env_LIBS_set=
ac_cv_env_LIBS_value=
ac_cv_env_build_alias_set=
ac_cv_env_build_alias_value=
ac_cv_env_host_alias_set=
ac_cv_env_host_alias_value=
ac_cv_env_target_alias_set=
ac_cv_env_target_alias_value=
ac_cv_func_dlopen=no
ac_cv_func_getgrgid_r=yes
ac_cv_func_getgrnam_r=yes
ac_cv_func_gethostbyname_r=yes
ac_cv_func_getpwnam_r=yes
ac_cv_func_getpwuid_r=yes
ac_cv_func_getresgid=yes
ac_cv_func_getresuid=yes
ac_cv_func_login_tty=no
ac_cv_func_openpty=yes
ac_cv_func_setresgid=yes
ac_cv_func_setresuid=yes
ac_cv_func_strcasestr=yes
ac_cv_func_strlcat=no
ac_cv_header_dlfcn_h=yes
ac_cv_header_inttypes_h=yes
ac_cv_header_libutil_h=no
ac_cv_header_memory_h=yes
ac_cv_header_openssl_bio_h=yes
ac_cv_header_openssl_err_h=yes
ac_cv_header_openssl_ssl_h=yes
ac_cv_header_pthread_h=yes
ac_cv_header_pty_h=yes
ac_cv_header_security_pam_appl_h=no
ac_cv_header_security_pam_client_h=no
ac_cv_header_security_pam_misc_h=no
ac_cv_header_stdc=yes
ac_cv_header_stdint_h=yes
ac_cv_header_stdlib_h=yes
ac_cv_header_string_h=yes
ac_cv_header_strings_h=yes
ac_cv_header_sys_prctl_h=yes
ac_cv_header_sys_stat_h=yes
ac_cv_header_sys_types_h=yes
ac_cv_header_sys_uio_h=yes
ac_cv_header_unistd_h=yes
ac_cv_header_util_h=no
ac_cv_header_utmp_h=yes
ac_cv_header_utmpx_h=yes
ac_cv_header_zlib_h=yes
ac_cv_host=x86_64-unknown-linux-gnu
ac_cv_lib_dl_dlopen=yes
ac_cv_lib_util_login_tty=yes
ac_cv_lib_z_deflate=yes
ac_cv_objext=o
ac_cv_path_EGREP='/bin/grep -E'
ac_cv_path_FGREP='/bin/grep -F'
ac_cv_path_GREP=/bin/grep
ac_cv_path_SED=/bin/sed
ac_cv_path_install='/usr/bin/install -c'
ac_cv_path_mkdir=/bin/mkdir
ac_cv_prog_AWK=mawk
ac_cv_prog_CPP='gcc -E'
ac_cv_prog_ac_ct_AR=ar
ac_cv_prog_ac_ct_CC=gcc
ac_cv_prog_ac_ct_MANIFEST_TOOL=mt
ac_cv_prog_ac_ct_OBJDUMP=objdump
ac_cv_prog_ac_ct_RANLIB=ranlib
ac_cv_prog_ac_ct_STRIP=strip
ac_cv_prog_cc_c89=
ac_cv_prog_cc_g=yes
ac_cv_prog_gcc_traditional=no
ac_cv_prog_make_make_set=yes
am_cv_CC_dependencies_compiler_type=gcc3
lt_cv_ar_at_file=@
lt_cv_archive_cmds_need_lc=no
lt_cv_deplibs_check_method=pass_all
lt_cv_file_magic_cmd='$MAGIC_CMD'
lt_cv_file_magic_test_file=
lt_cv_ld_reload_flag=-r
lt_cv_nm_interface='BSD nm'
lt_cv_objdir=.libs
lt_cv_path_LD=/usr/bin/ld
lt_cv_path_NM='/usr/bin/nm -B'
lt_cv_path_mainfest_tool=no
lt_cv_prog_compiler_c_o=yes
lt_cv_prog_compiler_pic='-fPIC -DPIC'
lt_cv_prog_compiler_pic_works=yes
lt_cv_prog_compiler_rtti_exceptions=no
lt_cv_prog_compiler_static_works=yes
lt_cv_prog_gnu_ld=yes
lt_cv_sharedlib_from_linklib_cmd='printf %s\n'
lt_cv_shlibpath_overrides_runpath=no
lt_cv_sys_global_symbol_pipe='sed -n -e '\''s/^.*[	 ]\([ABCDGIRSTW][ABCDGIRSTW]*\)[	 ][	 ]*\([_A-Za-z][_A-Za-z0-9]*\)$/\1 \2 \2/p'\'' | sed '\''/ __gnu_lto/d'\'''
lt_cv_sys_global_symbol_to_c_name_address='sed -n -e '\''s/^: \([^ ]*\)[ ]*$/  {\"\1\", (void *) 0},/p'\'' -e '\''s/^[ABCDGIRSTW]* \([^ ]*\) \([^ ]*\)$/  {"\2", (void *) \&\2},/p'\'''
lt_cv_sys_global_symbol_to_c_name_address_lib_prefix='sed -n -e '\''s/^: \([^ ]*\)[ ]*$/  {\"\1\", (void *) 0},/p'\'' -e '\''s/^[ABCDGIRSTW]* \([^ ]*\) \(lib[^ ]*\)$/  {"\2", (void *) \&\2},/p'\'' -e '\''s/^[ABCDGIRSTW]* \([^ ]*\) \([^ ]*\)$/  {"lib\2", (void *) \&\2},/p'\'''
lt_cv_sys_global_symbol_to_cdecl='sed -n -e '\''s/^T .* \(.*\)$/extern int \1();/p'\'' -e '\''s/^[ABCDGIRSTW]* .* \(.*\)$/extern char \1;/p'\'''
lt_cv_sys_max_cmd_len=98304
lt_cv_to_host_file_cmd=func_convert_file_noop
lt_cv_to_tool_file_cmd=func_convert_file_noop

## ----------------- ##
## Output variables. ##
## ----------------- ##

ACLOCAL='${SHELL} /home/new/shellinabox/missing --run aclocal-1.11'
AMDEPBACKSLASH='\'
AMDEP_FALSE='#'
AMDEP_TRUE=''
AMTAR='${SHELL} /home/new/shellinabox/missing --run tar'
AR='ar'
AUTOCONF='${SHELL} /home/new/shellinabox/missing --run autoconf'
AUTOHEADER='${SHELL} /home/new/shellinabox/missing --run autoheader'
AUTOMAKE='${SHELL} /home/new/shellinabox/missing --run automake-1.11'
AWK='mawk'
CC='gcc'
CCDEPMODE='depmode=gcc3'
CFLAGS='-Os'
CPP='gcc -E'
CPPFLAGS=''
CYGPATH_W='echo'
DEFS='-DHAVE_CONFIG_H'
DEPDIR='.deps'
DLLTOOL='false'
DSYMUTIL=''
DUMPBIN=''
ECHO_C=''
ECHO_N='-n'
ECHO_T=''
EGREP='/bin/grep -E'
EXEEXT=''
FGREP='/bin/grep -F'
GREP='/bin/grep'
INSTALL_DATA='${INSTALL} -m 644'
INSTALL_PROGRAM='${INSTALL}'
INSTALL_SCRIPT='${INSTALL}'
INSTALL_STRIP_PROGRAM='$(install_sh) -c -s'
LD='/usr/bin/ld -m elf_x86_64'
LDFLAGS=''
LIBOBJS=''
LIBS='-lz -ldl -lutil '
LIBTOOL='$(SHELL) $(top_builddir)/libtool'
LIBTOOL_DEPS='./ltmain.sh'
LIPO=''
LN_S='ln -s'
LTLIBOBJS=''
MAKEINFO='${SHELL} /home/new/shellinabox/missing --run makeinfo'
MANIFEST_TOOL=':'
MKDIR_P='/bin/mkdir -p'
NM='/usr/bin/nm -B'
NMEDIT=''
OBJDUMP='objdump'
OBJEXT='o'
OTOOL64=''
OTOOL=''
PACKAGE='shellinabox'
PACKAGE_BUGREPORT='markus@shellinabox.com'
PACKAGE_NAME='shellinabox'
PACKAGE_STRING='shellinabox 2.10'
PACKAGE_TARNAME='shellinabox'
PACKAGE_URL=''
PACKAGE_VERSION='2.10'
PATH_SEPARATOR=':'
RANLIB='ranlib'
SED='/bin/sed'
SET_MAKE=''
SHELL='/bin/sh'
STRIP='strip'
VCS_REVISION='239'
VERSION='2.10'
ac_ct_AR='ar'
ac_ct_CC='gcc'
ac_ct_DUMPBIN=''
am__EXEEXT_FALSE=''
am__EXEEXT_TRUE='#'
am__fastdepCC_FALSE='#'
am__fastdepCC_TRUE=''
am__include='include'
am__isrc=''
am__leading_dot='.'
am__quote=''
am__tar='${AMTAR} chof - "$$tardir"'
am__untar='${AMTAR} xf -'
bindir='${exec_prefix}/bin'
build='x86_64-unknown-linux-gnu'
build_alias=''
build_cpu='x86_64'
build_os='linux-gnu'
build_vendor='unknown'
datadir='${datarootdir}'
datarootdir='${prefix}/share'
docdir='${datarootdir}/doc/${PACKAGE_TARNAME}'
dvidir='${docdir}'
exec_prefix='${prefix}'
host='x86_64-unknown-linux-gnu'
host_alias=''
host_cpu='x86_64'
host_os='linux-gnu'
host_vendor='unknown'
htmldir='${docdir}'
includedir='${prefix}/include'
infodir='${datarootdir}/info'
install_sh='${SHELL} /home/new/shellinabox/install-sh'
libdir='${exec_prefix}/lib'
libexecdir='${exec_prefix}/libexec'
localedir='${datarootdir}/locale'
localstatedir='${prefix}/var'
mandir='${datarootdir}/man'
mkdir_p='/bin/mkdir -p'
oldincludedir='/usr/include'
pdfdir='${docdir}'
prefix='/usr/local'
program_transform_name='s,x,x,'
psdir='${docdir}'
sbindir='${exec_prefix}/sbin'
sharedstatedir='${prefix}/com'
sysconfdir='${prefix}/etc'
target_alias=''

## ----------- ##
## confdefs.h. ##
## ----------- ##

/* confdefs.h */
#define PACKAGE_NAME "shellinabox"
#define PACKAGE_TARNAME "shellinabox"
#define PACKAGE_VERSION "2.10"
#define PACKAGE_STRING "shellinabox 2.10"
#define PACKAGE_BUGREPORT "markus@shellinabox.com"
#define PACKAGE_URL ""
#define VCS_REVISION "239"
#define PACKAGE "shellinabox"
#define VERSION "2.10"
#define STDC_HEADERS 1
#define HAVE_SYS_TYPES_H 1
#define HAVE_SYS_STAT_H 1
#define HAVE_STDLIB_H 1
#define HAVE_STRING_H 1
#define HAVE_MEMORY_H 1
#define HAVE_STRINGS_H 1
#define HAVE_INTTYPES_H 1
#define HAVE_STDINT_H 1
#define HAVE_UNISTD_H 1
#define HAVE_DLFCN_H 1
#define LT_OBJDIR ".libs/"
#define HAVE_PTHREAD_H 1
#define HAVE_PTY_H 1
#define HAVE_STRINGS_H 1
#define HAVE_SYS_PRCTL_H 1
#define HAVE_SYS_UIO_H 1
#define HAVE_UTMP_H 1
#define HAVE_UTMPX_H 1
#define HAVE_LOGIN_TTY 1
#define HAVE_GETGRGID_R 1
#define HAVE_GETGRNAM_R 1
#define HAVE_GETHOSTBYNAME_R 1
#define HAVE_GETPWNAM_R 1
#define HAVE_GETPWUID_R 1
#define HAVE_OPENPTY 1
#define HAVE_STRCASESTR 1
#define HAVE_GETRESUID 1
#define HAVE_GETRESGID 1
#define HAVE_SETRESUID 1
#define HAVE_SETRESGID 1
#define HAVE_PTSNAME_R 1
#define HAVE_SIGWAIT 1
#define HAVE_ISNAN 1
#define HAVE_UPDWTMP 1
#define HAVE_UPDWTMPX 1
#define HAVE_ATTRIBUTE_ALIAS 1
#define HAVE_ATTRIBUTE_UNUSED 1
#define HAVE_BIN_LOGIN 1
#define HAVE_OPENSSL_BIO_H 1
#define HAVE_OPENSSL_ERR_H 1
#define HAVE_OPENSSL_SSL_H 1
#define HAVE_DLOPEN 1
#define HAVE_ZLIB 1

configure: exit 0

## ---------------------- ##
## Running config.status. ##
## ---------------------- ##

This file was extended by shellinabox config.status 2.10, which was
generated by GNU Autoconf 2.68.  Invocation command line was

  CONFIG_FILES    = 
  CONFIG_HEADERS  = 
  CONFIG_LINKS    = 
  CONFIG_COMMANDS = 
  $ ./config.status 

on sgenomics.org

config.status:1122: creating Makefile
config.status:1122: creating config.h
config.status:1303: config.h is unchanged
config.status:1351: executing depfiles commands
config.status:1351: executing libtool commands

## ---------------------- ##
## Running config.status. ##
## ---------------------- ##

This file was extended by shellinabox config.status 2.10, which was
generated by GNU Autoconf 2.68.  Invocation command line was

  CONFIG_FILES    = 
  CONFIG_HEADERS  = 
  CONFIG_LINKS    = 
  CONFIG_COMMANDS = 
  $ ./config.status config.h

on sgenomics.org

config.status:1122: creating config.h
config.status:1303: config.h is unchanged
